\BOOKMARK [0][-]{chapter.1}{\376\377\000D\000a\000t\000a\000\040\000S\000t\000r\000u\000c\000t\000u\000r\000e\000\040\000I\000n\000d\000e\000x}{}% 1
\BOOKMARK [1][-]{section.1.1}{\376\377\000D\000a\000t\000a\000\040\000S\000t\000r\000u\000c\000t\000u\000r\000e\000s}{chapter.1}% 2
\BOOKMARK [0][-]{chapter.2}{\376\377\000F\000i\000l\000e\000\040\000I\000n\000d\000e\000x}{}% 3
\BOOKMARK [1][-]{section.2.1}{\376\377\000F\000i\000l\000e\000\040\000L\000i\000s\000t}{chapter.2}% 4
\BOOKMARK [0][-]{chapter.3}{\376\377\000D\000a\000t\000a\000\040\000S\000t\000r\000u\000c\000t\000u\000r\000e\000\040\000D\000o\000c\000u\000m\000e\000n\000t\000a\000t\000i\000o\000n}{}% 5
\BOOKMARK [1][-]{section.3.1}{\376\377\000l\000i\000n\000k\000e\000d\000\137\000l\000i\000s\000t\000\040\000S\000t\000r\000u\000c\000t\000\040\000R\000e\000f\000e\000r\000e\000n\000c\000e}{chapter.3}% 6
\BOOKMARK [2][-]{subsection.3.1.1}{\376\377\000D\000e\000t\000a\000i\000l\000e\000d\000\040\000D\000e\000s\000c\000r\000i\000p\000t\000i\000o\000n}{section.3.1}% 7
\BOOKMARK [2][-]{subsection.3.1.2}{\376\377\000F\000i\000e\000l\000d\000\040\000D\000o\000c\000u\000m\000e\000n\000t\000a\000t\000i\000o\000n}{section.3.1}% 8
\BOOKMARK [3][-]{subsubsection.3.1.2.1}{\376\377\000h\000e\000a\000d}{subsection.3.1.2}% 9
\BOOKMARK [3][-]{subsubsection.3.1.2.2}{\376\377\000l\000a\000s\000t}{subsection.3.1.2}% 10
\BOOKMARK [3][-]{subsubsection.3.1.2.3}{\376\377\000r\000u\000n\000n\000e\000r}{subsection.3.1.2}% 11
\BOOKMARK [3][-]{subsubsection.3.1.2.4}{\376\377\000r\000u\000n\000n\000e\000r\000p\000o\000s}{subsection.3.1.2}% 12
\BOOKMARK [3][-]{subsubsection.3.1.2.5}{\376\377\000s\000i\000z\000e}{subsection.3.1.2}% 13
\BOOKMARK [1][-]{section.3.2}{\376\377\000n\000o\000d\000e\000\040\000S\000t\000r\000u\000c\000t\000\040\000R\000e\000f\000e\000r\000e\000n\000c\000e}{chapter.3}% 14
\BOOKMARK [2][-]{subsection.3.2.1}{\376\377\000D\000e\000t\000a\000i\000l\000e\000d\000\040\000D\000e\000s\000c\000r\000i\000p\000t\000i\000o\000n}{section.3.2}% 15
\BOOKMARK [2][-]{subsection.3.2.2}{\376\377\000F\000i\000e\000l\000d\000\040\000D\000o\000c\000u\000m\000e\000n\000t\000a\000t\000i\000o\000n}{section.3.2}% 16
\BOOKMARK [3][-]{subsubsection.3.2.2.1}{\376\377\000c\000o\000n\000t\000e\000n\000t}{subsection.3.2.2}% 17
\BOOKMARK [3][-]{subsubsection.3.2.2.2}{\376\377\000n\000e\000x\000t}{subsection.3.2.2}% 18
\BOOKMARK [3][-]{subsubsection.3.2.2.3}{\376\377\000p\000r\000e\000v\000i\000o\000u\000s}{subsection.3.2.2}% 19
\BOOKMARK [0][-]{chapter.4}{\376\377\000F\000i\000l\000e\000\040\000D\000o\000c\000u\000m\000e\000n\000t\000a\000t\000i\000o\000n}{}% 20
\BOOKMARK [1][-]{section.4.1}{\376\377\000/\000h\000o\000m\000e\000/\000p\000a\000u\000l\000/\000G\000i\000t\000\137\000h\000o\000m\000e\000/\000U\000t\000i\000l\000/\000L\000i\000n\000k\000e\000d\000L\000i\000s\000t\000/\000L\000i\000b\000L\000i\000n\000k\000e\000d\000L\000i\000s\000t\000/\000D\000e\000b\000u\000g\000/\000L\000i\000n\000k\000e\000d\000L\000i\000s\000t\000.\000d\000\040\000F\000i\000l\000e\000\040\000R\000e\000f\000e\000r\000e\000n\000c\000e}{chapter.4}% 21
\BOOKMARK [1][-]{section.4.2}{\376\377\000/\000h\000o\000m\000e\000/\000p\000a\000u\000l\000/\000G\000i\000t\000\137\000h\000o\000m\000e\000/\000U\000t\000i\000l\000/\000L\000i\000n\000k\000e\000d\000L\000i\000s\000t\000/\000L\000i\000b\000L\000i\000n\000k\000e\000d\000L\000i\000s\000t\000/\000L\000i\000n\000k\000e\000d\000L\000i\000s\000t\000.\000c\000\040\000F\000i\000l\000e\000\040\000R\000e\000f\000e\000r\000e\000n\000c\000e}{chapter.4}% 22
\BOOKMARK [2][-]{subsection.4.2.1}{\376\377\000F\000u\000n\000c\000t\000i\000o\000n\000\040\000D\000o\000c\000u\000m\000e\000n\000t\000a\000t\000i\000o\000n}{section.4.2}% 23
\BOOKMARK [3][-]{subsubsection.4.2.1.1}{\376\377\000a\000b\000s}{subsection.4.2.1}% 24
\BOOKMARK [3][-]{subsubsection.4.2.1.2}{\376\377\000i\000n\000i\000t\000\137\000l\000i\000s\000t}{subsection.4.2.1}% 25
\BOOKMARK [3][-]{subsubsection.4.2.1.3}{\376\377\000l\000i\000s\000t\000\137\000a\000d\000d\000\137\000a\000l\000l}{subsection.4.2.1}% 26
\BOOKMARK [3][-]{subsubsection.4.2.1.4}{\376\377\000l\000i\000s\000t\000\137\000a\000p\000p\000e\000n\000d}{subsection.4.2.1}% 27
\BOOKMARK [3][-]{subsubsection.4.2.1.5}{\376\377\000l\000i\000s\000t\000\137\000g\000e\000t}{subsection.4.2.1}% 28
\BOOKMARK [3][-]{subsubsection.4.2.1.6}{\376\377\000l\000i\000s\000t\000\137\000i\000n\000s\000e\000r\000t}{subsection.4.2.1}% 29
\BOOKMARK [3][-]{subsubsection.4.2.1.7}{\376\377\000l\000i\000s\000t\000\137\000r\000e\000m\000o\000v\000e}{subsection.4.2.1}% 30
\BOOKMARK [3][-]{subsubsection.4.2.1.8}{\376\377\000r\000u\000n}{subsection.4.2.1}% 31
\BOOKMARK [1][-]{section.4.3}{\376\377\000/\000h\000o\000m\000e\000/\000p\000a\000u\000l\000/\000G\000i\000t\000\137\000h\000o\000m\000e\000/\000U\000t\000i\000l\000/\000L\000i\000n\000k\000e\000d\000L\000i\000s\000t\000/\000L\000i\000b\000L\000i\000n\000k\000e\000d\000L\000i\000s\000t\000/\000L\000i\000n\000k\000e\000d\000L\000i\000s\000t\000.\000h\000\040\000F\000i\000l\000e\000\040\000R\000e\000f\000e\000r\000e\000n\000c\000e}{chapter.4}% 32
\BOOKMARK [2][-]{subsection.4.3.1}{\376\377\000T\000y\000p\000e\000d\000e\000f\000\040\000D\000o\000c\000u\000m\000e\000n\000t\000a\000t\000i\000o\000n}{section.4.3}% 33
\BOOKMARK [3][-]{subsubsection.4.3.1.1}{\376\377\000l\000i\000n\000k\000e\000d\000\137\000l\000i\000s\000t\000\137\000t}{subsection.4.3.1}% 34
\BOOKMARK [3][-]{subsubsection.4.3.1.2}{\376\377\000n\000o\000d\000e\000\137\000t}{subsection.4.3.1}% 35
\BOOKMARK [3][-]{subsubsection.4.3.1.3}{\376\377\000p\000l\000i\000n\000k\000e\000d\000\137\000l\000i\000s\000t}{subsection.4.3.1}% 36
\BOOKMARK [3][-]{subsubsection.4.3.1.4}{\376\377\000p\000n\000o\000d\000e}{subsection.4.3.1}% 37
\BOOKMARK [2][-]{subsection.4.3.2}{\376\377\000F\000u\000n\000c\000t\000i\000o\000n\000\040\000D\000o\000c\000u\000m\000e\000n\000t\000a\000t\000i\000o\000n}{section.4.3}% 38
\BOOKMARK [3][-]{subsubsection.4.3.2.1}{\376\377\000i\000n\000i\000t\000\137\000l\000i\000s\000t}{subsection.4.3.2}% 39
\BOOKMARK [3][-]{subsubsection.4.3.2.2}{\376\377\000l\000i\000s\000t\000\137\000a\000d\000d\000\137\000a\000l\000l}{subsection.4.3.2}% 40
\BOOKMARK [3][-]{subsubsection.4.3.2.3}{\376\377\000l\000i\000s\000t\000\137\000a\000p\000p\000e\000n\000d}{subsection.4.3.2}% 41
\BOOKMARK [3][-]{subsubsection.4.3.2.4}{\376\377\000l\000i\000s\000t\000\137\000g\000e\000t}{subsection.4.3.2}% 42
\BOOKMARK [3][-]{subsubsection.4.3.2.5}{\376\377\000l\000i\000s\000t\000\137\000i\000n\000s\000e\000r\000t}{subsection.4.3.2}% 43
\BOOKMARK [3][-]{subsubsection.4.3.2.6}{\376\377\000l\000i\000s\000t\000\137\000r\000e\000m\000o\000v\000e}{subsection.4.3.2}% 44
